<?xml version="1.0" encoding="UTF-8"?>
<testsuite xmlns:xsi="http://www.w3.org/2001/XMLSchema-instance" xsi:noNamespaceSchemaLocation="https://maven.apache.org/surefire/maven-surefire-plugin/xsd/surefire-test-report-3.0.xsd" version="3.0" name="com.adopet.controller.AnimalControllerTest" time="9.46" tests="3" errors="0" skipped="0" failures="0">
  <properties>
[...]
</properties>
  <testcase name="testFindAll" classname="com.adopet.controller.AnimalControllerTest" time="0.541">
    <system-out><![CDATA[17:05:07.439 [main] INFO org.springframework.test.context.support.AnnotationConfigContextLoaderUtils -- Could not detect default configuration classes for test class [com.adopet.controller.AnimalControllerTest]: AnimalControllerTest does not declare any static, non-private, non-final, nested classes annotated with @Configuration.
17:05:07.659 [main] INFO org.springframework.boot.test.context.SpringBootTestContextBootstrapper -- Found @SpringBootConfiguration com.adopet.AdoPetApplication for test class com.adopet.controller.AnimalControllerTest

  .   ____          _            __ _ _
 /\\ / ___'_ __ _ _(_)_ __  __ _ \ \ \ \
( ( )\___ | '_ | '_| | '_ \/ _` | \ \ \ \
 \\/  ___)| |_)| | | | | || (_| |  ) ) ) )
  '  |____| .__|_| |_|_| |_\__, | / / / /
 =========|_|==============|___/=/_/_/_/

 :: Spring Boot ::                (v3.3.4)

2024-10-15T17:05:08.442-03:00  INFO 3540 --- [AdoPet] [           main] c.a.controller.AnimalControllerTest      : Starting AnimalControllerTest using Java 22.0.1 with PID 3540 (started by Pichau in C:\Users\Pichau\Downloads\project\AdoPet\backend)
2024-10-15T17:05:08.444-03:00  INFO 3540 --- [AdoPet] [           main] c.a.controller.AnimalControllerTest      : The following 1 profile is active: "development"
2024-10-15T17:05:09.708-03:00  INFO 3540 --- [AdoPet] [           main] .s.d.r.c.RepositoryConfigurationDelegate : Bootstrapping Spring Data JPA repositories in DEFAULT mode.
2024-10-15T17:05:09.789-03:00  INFO 3540 --- [AdoPet] [           main] .s.d.r.c.RepositoryConfigurationDelegate : Finished Spring Data repository scanning in 66 ms. Found 1 JPA repository interface.
2024-10-15T17:05:10.466-03:00  INFO 3540 --- [AdoPet] [           main] o.hibernate.jpa.internal.util.LogHelper  : HHH000204: Processing PersistenceUnitInfo [name: default]
2024-10-15T17:05:10.572-03:00  INFO 3540 --- [AdoPet] [           main] org.hibernate.Version                    : HHH000412: Hibernate ORM core version 6.5.3.Final
2024-10-15T17:05:10.627-03:00  INFO 3540 --- [AdoPet] [           main] o.h.c.internal.RegionFactoryInitiator    : HHH000026: Second-level cache disabled
2024-10-15T17:05:11.100-03:00  INFO 3540 --- [AdoPet] [           main] o.s.o.j.p.SpringPersistenceUnitInfo      : No LoadTimeWeaver setup: ignoring JPA class transformer
2024-10-15T17:05:11.147-03:00  INFO 3540 --- [AdoPet] [           main] com.zaxxer.hikari.HikariDataSource       : HikariPool-1 - Starting...
2024-10-15T17:05:11.538-03:00  INFO 3540 --- [AdoPet] [           main] com.zaxxer.hikari.pool.HikariPool        : HikariPool-1 - Added connection conn0: url=jdbc:h2:mem:testdb user=SA
2024-10-15T17:05:11.540-03:00  INFO 3540 --- [AdoPet] [           main] com.zaxxer.hikari.HikariDataSource       : HikariPool-1 - Start completed.
2024-10-15T17:05:11.583-03:00  WARN 3540 --- [AdoPet] [           main] org.hibernate.orm.deprecation            : HHH90000025: H2Dialect does not need to be specified explicitly using 'hibernate.dialect' (remove the property setting and it will be selected by default)
2024-10-15T17:05:13.058-03:00  INFO 3540 --- [AdoPet] [           main] o.h.e.t.j.p.i.JtaPlatformInitiator       : HHH000489: No JTA platform available (set 'hibernate.transaction.jta.platform' to enable JTA platform integration)
Hibernate: 
    create table animals (
        id bigint generated by default as identity,
        age integer not null check (age>=0),
        birthday varchar(255) not null,
        category varchar(255) not null,
        description varchar(255) not null,
        image varchar(255) not null,
        name varchar(255) not null,
        status varchar(255) not null,
        primary key (id)
    )
Hibernate: 
    create table authorities (
        id bigint generated by default as identity,
        authority varchar(255) not null,
        username varchar(255) not null,
        primary key (id)
    )
Hibernate: 
    create table users (
        username varchar(255) not null,
        enabled boolean not null,
        password varchar(255) not null,
        primary key (username)
    )
Hibernate: 
    alter table if exists animals 
       drop constraint if exists UK7gbiyo8u2fkxeqlnephydvgrb
Hibernate: 
    alter table if exists animals 
       add constraint UK7gbiyo8u2fkxeqlnephydvgrb unique (name)
Hibernate: 
    alter table if exists authorities 
       drop constraint if exists UK2uf74smucdwf9qal2n67m2343
Hibernate: 
    alter table if exists authorities 
       add constraint UK2uf74smucdwf9qal2n67m2343 unique (username, authority)
Hibernate: 
    alter table if exists authorities 
       add constraint FKhjuy9y4fd8v5m3klig05ktofg 
       foreign key (username) 
       references users
2024-10-15T17:05:13.204-03:00  INFO 3540 --- [AdoPet] [           main] j.LocalContainerEntityManagerFactoryBean : Initialized JPA EntityManagerFactory for persistence unit 'default'
2024-10-15T17:05:13.843-03:00  WARN 3540 --- [AdoPet] [           main] JpaBaseConfiguration$JpaWebConfiguration : spring.jpa.open-in-view is enabled by default. Therefore, database queries may be performed during view rendering. Explicitly configure spring.jpa.open-in-view to disable this warning
2024-10-15T17:05:14.058-03:00  INFO 3540 --- [AdoPet] [           main] r$InitializeUserDetailsManagerConfigurer : Global AuthenticationManager configured with UserDetailsService bean with name userDetailsService
2024-10-15T17:05:15.007-03:00  INFO 3540 --- [AdoPet] [           main] o.s.b.a.h2.H2ConsoleAutoConfiguration    : H2 console available at '/h2-console'. Database available at 'jdbc:h2:mem:testdb'
2024-10-15T17:05:15.081-03:00  INFO 3540 --- [AdoPet] [           main] o.s.b.t.m.w.SpringBootMockServletContext : Initializing Spring TestDispatcherServlet ''
2024-10-15T17:05:15.082-03:00  INFO 3540 --- [AdoPet] [           main] o.s.t.web.servlet.TestDispatcherServlet  : Initializing Servlet ''
2024-10-15T17:05:15.083-03:00  INFO 3540 --- [AdoPet] [           main] o.s.t.web.servlet.TestDispatcherServlet  : Completed initialization in 1 ms
2024-10-15T17:05:15.104-03:00  INFO 3540 --- [AdoPet] [           main] c.a.controller.AnimalControllerTest      : Started AnimalControllerTest in 7.203 seconds (process running for 8.859)
Hibernate: 
    select
        a1_0.id,
        a1_0.age,
        a1_0.birthday,
        a1_0.category,
        a1_0.description,
        a1_0.image,
        a1_0.name,
        a1_0.status 
    from
        animals a1_0
]]></system-out>
  </testcase>
  <testcase name="testCreate" classname="com.adopet.controller.AnimalControllerTest" time="0.223">
    <system-out><![CDATA[Hibernate: 
    insert 
    into
        animals
        (age, birthday, category, description, image, name, status, id) 
    values
        (?, ?, ?, ?, ?, ?, ?, default)
]]></system-out>
  </testcase>
  <testcase name="testDelete" classname="com.adopet.controller.AnimalControllerTest" time="0.479">
    <system-out><![CDATA[Hibernate: 
    select
        count(*) 
    from
        animals a1_0 
    where
        a1_0.id=?
Hibernate: 
    select
        a1_0.id,
        a1_0.age,
        a1_0.birthday,
        a1_0.category,
        a1_0.description,
        a1_0.image,
        a1_0.name,
        a1_0.status 
    from
        animals a1_0 
    where
        a1_0.id=?
Hibernate: 
    delete 
    from
        animals 
    where
        id=?
]]></system-out>
  </testcase>
</testsuite>